[77979:259:0910/192442.585224:WARNING:chrome_main_delegate.cc(742)] This is Chrome version 128.0.6613.120 (not a warning)
[77979:259:0910/192442.865729:INFO:chrome_browser_cloud_management_controller.cc(196)] No machine level policy manager exists.
[77979:259:0910/192444.348162:INFO:CONSOLE(19)] "Mixed Content: The page at 'https://www.automationexercise.com/' was loaded over HTTPS, but requested an insecure stylesheet 'http://fonts.googleapis.com/css?family=Roboto:400,300,400italic,500,700,100'. This request has been blocked; the content must be served over HTTPS.", source: https://www.automationexercise.com/ (19)
[77979:259:0910/192444.348199:INFO:CONSOLE(19)] "Mixed Content: The page at 'https://www.automationexercise.com/' was loaded over HTTPS, but requested an insecure stylesheet 'http://fonts.googleapis.com/css?family=Open+Sans:400,800,300,600,700'. This request has been blocked; the content must be served over HTTPS.", source: https://www.automationexercise.com/ (19)
[77979:259:0910/192444.348214:INFO:CONSOLE(19)] "Mixed Content: The page at 'https://www.automationexercise.com/' was loaded over HTTPS, but requested an insecure stylesheet 'http://fonts.googleapis.com/css?family=Abel'. This request has been blocked; the content must be served over HTTPS.", source: https://www.automationexercise.com/ (19)
[77979:259:0910/192445.669435:INFO:CONSOLE(2)] "SyntaxError", source: https://js.ad-score.com/score.min.js?pid=1000941&tt=g (2)
[77979:259:0910/192445.752761:INFO:CONSOLE(2)] "console.groupEnd", source: https://js.ad-score.com/score.min.js?pid=1000941&tt=g (2)
[77979:259:0910/192445.752818:INFO:CONSOLE(2)] "console.groupEnd", source: https://js.ad-score.com/score.min.js?pid=1000941&tt=g (2)
[77979:259:0910/192445.752832:INFO:CONSOLE(2)] "console.groupEnd", source: https://js.ad-score.com/score.min.js?pid=1000941&tt=g (2)
[77979:259:0910/192445.752843:INFO:CONSOLE(2)] "console.groupEnd", source: https://js.ad-score.com/score.min.js?pid=1000941&tt=g (2)
[77979:259:0910/192445.752853:INFO:CONSOLE(2)] "console.groupEnd", source: https://js.ad-score.com/score.min.js?pid=1000941&tt=g (2)
[77979:259:0910/192445.752868:INFO:CONSOLE(2)] "console.groupEnd", source: https://js.ad-score.com/score.min.js?pid=1000941&tt=g (2)
[77979:259:0910/192445.752878:INFO:CONSOLE(2)] "console.groupEnd", source: https://js.ad-score.com/score.min.js?pid=1000941&tt=g (2)
[77979:259:0910/192445.752895:INFO:CONSOLE(2)] "console.groupEnd", source: https://js.ad-score.com/score.min.js?pid=1000941&tt=g (2)
[77979:259:0910/192445.752905:INFO:CONSOLE(2)] "console.groupEnd", source: https://js.ad-score.com/score.min.js?pid=1000941&tt=g (2)
[77979:259:0910/192445.752915:INFO:CONSOLE(2)] "console.groupEnd", source: https://js.ad-score.com/score.min.js?pid=1000941&tt=g (2)
[77979:259:0910/192445.752925:INFO:CONSOLE(2)] "console.groupEnd", source: https://js.ad-score.com/score.min.js?pid=1000941&tt=g (2)
[77979:259:0910/192445.752934:INFO:CONSOLE(2)] "console.groupEnd", source: https://js.ad-score.com/score.min.js?pid=1000941&tt=g (2)
[77979:259:0910/192445.752943:INFO:CONSOLE(2)] "console.groupEnd", source: https://js.ad-score.com/score.min.js?pid=1000941&tt=g (2)
[77979:259:0910/192445.752952:INFO:CONSOLE(2)] "console.groupEnd", source: https://js.ad-score.com/score.min.js?pid=1000941&tt=g (2)
[77979:259:0910/192445.752963:INFO:CONSOLE(2)] "console.groupEnd", source: https://js.ad-score.com/score.min.js?pid=1000941&tt=g (2)
[77979:259:0910/192445.752973:INFO:CONSOLE(2)] "console.groupEnd", source: https://js.ad-score.com/score.min.js?pid=1000941&tt=g (2)
[77979:259:0910/192445.752982:INFO:CONSOLE(2)] "console.groupEnd", source: https://js.ad-score.com/score.min.js?pid=1000941&tt=g (2)
[77979:259:0910/192445.752990:INFO:CONSOLE(2)] "console.groupEnd", source: https://js.ad-score.com/score.min.js?pid=1000941&tt=g (2)
[77979:259:0910/192445.753011:INFO:CONSOLE(2)] "console.groupEnd", source: https://js.ad-score.com/score.min.js?pid=1000941&tt=g (2)
[77979:259:0910/192445.753020:INFO:CONSOLE(2)] "console.groupEnd", source: https://js.ad-score.com/score.min.js?pid=1000941&tt=g (2)
[77979:259:0910/192445.753047:INFO:CONSOLE(2)] "console.groupEnd", source: https://js.ad-score.com/score.min.js?pid=1000941&tt=g (2)
[77979:259:0910/192445.753061:INFO:CONSOLE(2)] "console.groupEnd", source: https://js.ad-score.com/score.min.js?pid=1000941&tt=g (2)
[77979:259:0910/192445.753075:INFO:CONSOLE(2)] "console.groupEnd", source: https://js.ad-score.com/score.min.js?pid=1000941&tt=g (2)
[77979:259:0910/192445.753085:INFO:CONSOLE(2)] "console.groupEnd", source: https://js.ad-score.com/score.min.js?pid=1000941&tt=g (2)
[77979:259:0910/192445.753094:INFO:CONSOLE(2)] "console.groupEnd", source: https://js.ad-score.com/score.min.js?pid=1000941&tt=g (2)
[77979:259:0910/192445.753103:INFO:CONSOLE(2)] "console.groupEnd", source: https://js.ad-score.com/score.min.js?pid=1000941&tt=g (2)
[77979:259:0910/192445.753114:INFO:CONSOLE(2)] "console.groupEnd", source: https://js.ad-score.com/score.min.js?pid=1000941&tt=g (2)
[77979:259:0910/192445.753125:INFO:CONSOLE(2)] "console.groupEnd", source: https://js.ad-score.com/score.min.js?pid=1000941&tt=g (2)
[77979:259:0910/192445.753138:INFO:CONSOLE(2)] "console.groupEnd", source: https://js.ad-score.com/score.min.js?pid=1000941&tt=g (2)
[77979:259:0910/192445.753146:INFO:CONSOLE(2)] "console.groupEnd", source: https://js.ad-score.com/score.min.js?pid=1000941&tt=g (2)
[77979:259:0910/192445.753156:INFO:CONSOLE(2)] "console.groupEnd", source: https://js.ad-score.com/score.min.js?pid=1000941&tt=g (2)
[77979:259:0910/192445.753204:INFO:CONSOLE(2)] "console.groupEnd", source: https://js.ad-score.com/score.min.js?pid=1000941&tt=g (2)
[77979:259:0910/192445.753217:INFO:CONSOLE(2)] "console.groupEnd", source: https://js.ad-score.com/score.min.js?pid=1000941&tt=g (2)
[77979:259:0910/192445.753226:INFO:CONSOLE(2)] "console.groupEnd", source: https://js.ad-score.com/score.min.js?pid=1000941&tt=g (2)
[77979:259:0910/192445.753236:INFO:CONSOLE(2)] "console.groupEnd", source: https://js.ad-score.com/score.min.js?pid=1000941&tt=g (2)
[77979:259:0910/192445.753245:INFO:CONSOLE(2)] "console.groupEnd", source: https://js.ad-score.com/score.min.js?pid=1000941&tt=g (2)
[77979:259:0910/192445.753252:INFO:CONSOLE(2)] "console.groupEnd", source: https://js.ad-score.com/score.min.js?pid=1000941&tt=g (2)
[77979:259:0910/192445.753261:INFO:CONSOLE(2)] "console.groupEnd", source: https://js.ad-score.com/score.min.js?pid=1000941&tt=g (2)
[77979:259:0910/192445.753271:INFO:CONSOLE(2)] "console.groupEnd", source: https://js.ad-score.com/score.min.js?pid=1000941&tt=g (2)
[77979:259:0910/192445.753280:INFO:CONSOLE(2)] "console.groupEnd", source: https://js.ad-score.com/score.min.js?pid=1000941&tt=g (2)
[77979:259:0910/192445.753299:INFO:CONSOLE(2)] "console.groupEnd", source: https://js.ad-score.com/score.min.js?pid=1000941&tt=g (2)
[77979:259:0910/192445.753310:INFO:CONSOLE(2)] "console.groupEnd", source: https://js.ad-score.com/score.min.js?pid=1000941&tt=g (2)
[77979:259:0910/192445.753320:INFO:CONSOLE(2)] "console.groupEnd", source: https://js.ad-score.com/score.min.js?pid=1000941&tt=g (2)
[77979:259:0910/192445.753329:INFO:CONSOLE(2)] "console.groupEnd", source: https://js.ad-score.com/score.min.js?pid=1000941&tt=g (2)
[77979:259:0910/192445.753338:INFO:CONSOLE(2)] "console.groupEnd", source: https://js.ad-score.com/score.min.js?pid=1000941&tt=g (2)
[77979:259:0910/192445.753350:INFO:CONSOLE(2)] "console.groupEnd", source: https://js.ad-score.com/score.min.js?pid=1000941&tt=g (2)
[77979:259:0910/192445.753360:INFO:CONSOLE(2)] "console.groupEnd", source: https://js.ad-score.com/score.min.js?pid=1000941&tt=g (2)
[77979:259:0910/192445.753369:INFO:CONSOLE(2)] "console.groupEnd", source: https://js.ad-score.com/score.min.js?pid=1000941&tt=g (2)
[77979:259:0910/192445.753379:INFO:CONSOLE(2)] "console.groupEnd", source: https://js.ad-score.com/score.min.js?pid=1000941&tt=g (2)
[77979:259:0910/192445.753389:INFO:CONSOLE(2)] "console.groupEnd", source: https://js.ad-score.com/score.min.js?pid=1000941&tt=g (2)
[77979:259:0910/192445.753399:INFO:CONSOLE(2)] "console.groupEnd", source: https://js.ad-score.com/score.min.js?pid=1000941&tt=g (2)
[77979:259:0910/192445.753420:INFO:CONSOLE(2)] "console.groupEnd", source: https://js.ad-score.com/score.min.js?pid=1000941&tt=g (2)
[77979:259:0910/192445.753431:INFO:CONSOLE(2)] "console.groupEnd", source: https://js.ad-score.com/score.min.js?pid=1000941&tt=g (2)
[77979:259:0910/192445.753439:INFO:CONSOLE(2)] "console.groupEnd", source: https://js.ad-score.com/score.min.js?pid=1000941&tt=g (2)
[77979:259:0910/192445.753450:INFO:CONSOLE(2)] "console.groupEnd", source: https://js.ad-score.com/score.min.js?pid=1000941&tt=g (2)
[77979:259:0910/192445.753480:INFO:CONSOLE(2)] "console.groupEnd", source: https://js.ad-score.com/score.min.js?pid=1000941&tt=g (2)
[77979:259:0910/192445.753502:INFO:CONSOLE(2)] "console.groupEnd", source: https://js.ad-score.com/score.min.js?pid=1000941&tt=g (2)
[77979:259:0910/192445.753515:INFO:CONSOLE(2)] "console.groupEnd", source: https://js.ad-score.com/score.min.js?pid=1000941&tt=g (2)
[77979:259:0910/192445.753525:INFO:CONSOLE(2)] "console.groupEnd", source: https://js.ad-score.com/score.min.js?pid=1000941&tt=g (2)
[77979:259:0910/192445.753533:INFO:CONSOLE(2)] "console.groupEnd", source: https://js.ad-score.com/score.min.js?pid=1000941&tt=g (2)
[77979:259:0910/192445.753541:INFO:CONSOLE(2)] "console.groupEnd", source: https://js.ad-score.com/score.min.js?pid=1000941&tt=g (2)
[77979:259:0910/192445.753550:INFO:CONSOLE(2)] "console.groupEnd", source: https://js.ad-score.com/score.min.js?pid=1000941&tt=g (2)
[77979:259:0910/192445.753558:INFO:CONSOLE(2)] "console.groupEnd", source: https://js.ad-score.com/score.min.js?pid=1000941&tt=g (2)
[77979:259:0910/192445.754202:INFO:CONSOLE(2)] "console.groupEnd", source: https://js.ad-score.com/score.min.js?pid=1000941&tt=g (2)
[77979:259:0910/192445.755088:INFO:CONSOLE(2)] "console.groupEnd", source: https://js.ad-score.com/score.min.js?pid=1000941&tt=g (2)
[77979:259:0910/192445.755122:INFO:CONSOLE(2)] "console.groupEnd", source: https://js.ad-score.com/score.min.js?pid=1000941&tt=g (2)
[77979:259:0910/192445.755136:INFO:CONSOLE(2)] "console.groupEnd", source: https://js.ad-score.com/score.min.js?pid=1000941&tt=g (2)
[77979:259:0910/192445.755150:INFO:CONSOLE(2)] "console.groupEnd", source: https://js.ad-score.com/score.min.js?pid=1000941&tt=g (2)
[77979:259:0910/192445.755163:INFO:CONSOLE(2)] "console.groupEnd", source: https://js.ad-score.com/score.min.js?pid=1000941&tt=g (2)
[77979:259:0910/192445.755176:INFO:CONSOLE(2)] "console.groupEnd", source: https://js.ad-score.com/score.min.js?pid=1000941&tt=g (2)
[77979:259:0910/192445.755196:INFO:CONSOLE(2)] "console.groupEnd", source: https://js.ad-score.com/score.min.js?pid=1000941&tt=g (2)
[77979:259:0910/192445.755235:INFO:CONSOLE(2)] "console.groupEnd", source: https://js.ad-score.com/score.min.js?pid=1000941&tt=g (2)
[77979:259:0910/192445.755277:INFO:CONSOLE(2)] "console.groupEnd", source: https://js.ad-score.com/score.min.js?pid=1000941&tt=g (2)
[77979:259:0910/192445.755298:INFO:CONSOLE(2)] "console.groupEnd", source: https://js.ad-score.com/score.min.js?pid=1000941&tt=g (2)
[77979:259:0910/192445.755310:INFO:CONSOLE(2)] "console.groupEnd", source: https://js.ad-score.com/score.min.js?pid=1000941&tt=g (2)
[77979:259:0910/192445.755350:INFO:CONSOLE(2)] "console.groupEnd", source: https://js.ad-score.com/score.min.js?pid=1000941&tt=g (2)
[77979:259:0910/192445.755386:INFO:CONSOLE(2)] "console.groupEnd", source: https://js.ad-score.com/score.min.js?pid=1000941&tt=g (2)
[77979:259:0910/192445.755415:INFO:CONSOLE(2)] "console.groupEnd", source: https://js.ad-score.com/score.min.js?pid=1000941&tt=g (2)
[77979:259:0910/192445.755429:INFO:CONSOLE(2)] "console.groupEnd", source: https://js.ad-score.com/score.min.js?pid=1000941&tt=g (2)
[77979:259:0910/192445.755443:INFO:CONSOLE(2)] "console.groupEnd", source: https://js.ad-score.com/score.min.js?pid=1000941&tt=g (2)
[77979:259:0910/192445.755455:INFO:CONSOLE(2)] "console.groupEnd", source: https://js.ad-score.com/score.min.js?pid=1000941&tt=g (2)
[77979:259:0910/192445.755466:INFO:CONSOLE(2)] "console.groupEnd", source: https://js.ad-score.com/score.min.js?pid=1000941&tt=g (2)
[77979:259:0910/192445.755493:INFO:CONSOLE(2)] "console.groupEnd", source: https://js.ad-score.com/score.min.js?pid=1000941&tt=g (2)
[77979:259:0910/192445.755502:INFO:CONSOLE(2)] "console.groupEnd", source: https://js.ad-score.com/score.min.js?pid=1000941&tt=g (2)
[77979:259:0910/192445.755511:INFO:CONSOLE(2)] "console.groupEnd", source: https://js.ad-score.com/score.min.js?pid=1000941&tt=g (2)
[77979:259:0910/192445.755521:INFO:CONSOLE(2)] "console.groupEnd", source: https://js.ad-score.com/score.min.js?pid=1000941&tt=g (2)
[77979:259:0910/192445.755530:INFO:CONSOLE(2)] "console.groupEnd", source: https://js.ad-score.com/score.min.js?pid=1000941&tt=g (2)
[77979:259:0910/192445.755539:INFO:CONSOLE(2)] "console.groupEnd", source: https://js.ad-score.com/score.min.js?pid=1000941&tt=g (2)
[77979:259:0910/192445.755551:INFO:CONSOLE(2)] "console.groupEnd", source: https://js.ad-score.com/score.min.js?pid=1000941&tt=g (2)
[77979:259:0910/192445.755563:INFO:CONSOLE(2)] "console.groupEnd", source: https://js.ad-score.com/score.min.js?pid=1000941&tt=g (2)
[77979:259:0910/192445.755578:INFO:CONSOLE(2)] "console.groupEnd", source: https://js.ad-score.com/score.min.js?pid=1000941&tt=g (2)
[77979:259:0910/192445.755589:INFO:CONSOLE(2)] "console.groupEnd", source: https://js.ad-score.com/score.min.js?pid=1000941&tt=g (2)
[77979:259:0910/192445.755601:INFO:CONSOLE(2)] "console.groupEnd", source: https://js.ad-score.com/score.min.js?pid=1000941&tt=g (2)
[77979:259:0910/192445.755617:INFO:CONSOLE(2)] "console.groupEnd", source: https://js.ad-score.com/score.min.js?pid=1000941&tt=g (2)
[77979:259:0910/192445.755627:INFO:CONSOLE(2)] "console.groupEnd", source: https://js.ad-score.com/score.min.js?pid=1000941&tt=g (2)
[77979:259:0910/192445.755639:INFO:CONSOLE(2)] "console.groupEnd", source: https://js.ad-score.com/score.min.js?pid=1000941&tt=g (2)
[77979:259:0910/192445.755667:INFO:CONSOLE(2)] "console.groupEnd", source: https://js.ad-score.com/score.min.js?pid=1000941&tt=g (2)
[77979:259:0910/192445.755687:INFO:CONSOLE(2)] "console.groupEnd", source: https://js.ad-score.com/score.min.js?pid=1000941&tt=g (2)
[77979:259:0910/192445.755701:INFO:CONSOLE(2)] "console.groupEnd", source: https://js.ad-score.com/score.min.js?pid=1000941&tt=g (2)
[77979:259:0910/192445.755714:INFO:CONSOLE(2)] "console.groupEnd", source: https://js.ad-score.com/score.min.js?pid=1000941&tt=g (2)
[77979:259:0910/192445.755724:INFO:CONSOLE(2)] "console.groupEnd", source: https://js.ad-score.com/score.min.js?pid=1000941&tt=g (2)
[77979:259:0910/192445.755740:INFO:CONSOLE(2)] "console.groupEnd", source: https://js.ad-score.com/score.min.js?pid=1000941&tt=g (2)
[77979:259:0910/192445.755750:INFO:CONSOLE(2)] "console.groupEnd", source: https://js.ad-score.com/score.min.js?pid=1000941&tt=g (2)
[77979:259:0910/192445.755769:INFO:CONSOLE(2)] "console.groupEnd", source: https://js.ad-score.com/score.min.js?pid=1000941&tt=g (2)
[77979:259:0910/192445.755796:INFO:CONSOLE(2)] "console.groupEnd", source: https://js.ad-score.com/score.min.js?pid=1000941&tt=g (2)
[77979:259:0910/192445.755830:INFO:CONSOLE(2)] "console.groupEnd", source: https://js.ad-score.com/score.min.js?pid=1000941&tt=g (2)
[77979:259:0910/192445.755854:INFO:CONSOLE(2)] "console.groupEnd", source: https://js.ad-score.com/score.min.js?pid=1000941&tt=g (2)
[77979:259:0910/192445.755870:INFO:CONSOLE(2)] "console.groupEnd", source: https://js.ad-score.com/score.min.js?pid=1000941&tt=g (2)
[77979:259:0910/192445.755891:INFO:CONSOLE(2)] "console.groupEnd", source: https://js.ad-score.com/score.min.js?pid=1000941&tt=g (2)
[77979:259:0910/192445.755904:INFO:CONSOLE(2)] "console.groupEnd", source: https://js.ad-score.com/score.min.js?pid=1000941&tt=g (2)
[77979:259:0910/192445.755918:INFO:CONSOLE(2)] "console.groupEnd", source: https://js.ad-score.com/score.min.js?pid=1000941&tt=g (2)
[77979:259:0910/192445.755943:INFO:CONSOLE(2)] "console.groupEnd", source: https://js.ad-score.com/score.min.js?pid=1000941&tt=g (2)
[77979:259:0910/192445.755954:INFO:CONSOLE(2)] "console.groupEnd", source: https://js.ad-score.com/score.min.js?pid=1000941&tt=g (2)
[77979:259:0910/192445.755985:INFO:CONSOLE(2)] "console.groupEnd", source: https://js.ad-score.com/score.min.js?pid=1000941&tt=g (2)
[77979:259:0910/192445.756001:INFO:CONSOLE(2)] "console.groupEnd", source: https://js.ad-score.com/score.min.js?pid=1000941&tt=g (2)
[77979:259:0910/192445.756011:INFO:CONSOLE(2)] "console.groupEnd", source: https://js.ad-score.com/score.min.js?pid=1000941&tt=g (2)
[77979:259:0910/192445.756020:INFO:CONSOLE(2)] "console.groupEnd", source: https://js.ad-score.com/score.min.js?pid=1000941&tt=g (2)
[77979:259:0910/192445.756029:INFO:CONSOLE(2)] "console.groupEnd", source: https://js.ad-score.com/score.min.js?pid=1000941&tt=g (2)
[77979:259:0910/192445.756038:INFO:CONSOLE(2)] "console.groupEnd", source: https://js.ad-score.com/score.min.js?pid=1000941&tt=g (2)
[77979:259:0910/192445.756047:INFO:CONSOLE(2)] "console.groupEnd", source: https://js.ad-score.com/score.min.js?pid=1000941&tt=g (2)
[77979:259:0910/192445.756060:INFO:CONSOLE(2)] "console.groupEnd", source: https://js.ad-score.com/score.min.js?pid=1000941&tt=g (2)
[77979:259:0910/192445.756069:INFO:CONSOLE(2)] "console.groupEnd", source: https://js.ad-score.com/score.min.js?pid=1000941&tt=g (2)
[77979:259:0910/192445.756077:INFO:CONSOLE(2)] "console.groupEnd", source: https://js.ad-score.com/score.min.js?pid=1000941&tt=g (2)
[77979:259:0910/192445.756085:INFO:CONSOLE(2)] "console.groupEnd", source: https://js.ad-score.com/score.min.js?pid=1000941&tt=g (2)
[77979:259:0910/192445.756118:INFO:CONSOLE(2)] "console.groupEnd", source: https://js.ad-score.com/score.min.js?pid=1000941&tt=g (2)
[77979:259:0910/192445.756147:INFO:CONSOLE(2)] "console.groupEnd", source: https://js.ad-score.com/score.min.js?pid=1000941&tt=g (2)
[77979:259:0910/192445.756165:INFO:CONSOLE(2)] "console.groupEnd", source: https://js.ad-score.com/score.min.js?pid=1000941&tt=g (2)
[77979:259:0910/192445.756177:INFO:CONSOLE(2)] "console.groupEnd", source: https://js.ad-score.com/score.min.js?pid=1000941&tt=g (2)
[77979:259:0910/192445.756188:INFO:CONSOLE(2)] "console.groupEnd", source: https://js.ad-score.com/score.min.js?pid=1000941&tt=g (2)
[77979:259:0910/192445.756199:INFO:CONSOLE(2)] "console.groupEnd", source: https://js.ad-score.com/score.min.js?pid=1000941&tt=g (2)
[77979:259:0910/192445.756215:INFO:CONSOLE(2)] "console.groupEnd", source: https://js.ad-score.com/score.min.js?pid=1000941&tt=g (2)
[77979:259:0910/192445.756229:INFO:CONSOLE(2)] "console.groupEnd", source: https://js.ad-score.com/score.min.js?pid=1000941&tt=g (2)
[77979:259:0910/192445.756238:INFO:CONSOLE(2)] "console.groupEnd", source: https://js.ad-score.com/score.min.js?pid=1000941&tt=g (2)
[77979:259:0910/192445.756248:INFO:CONSOLE(2)] "console.groupEnd", source: https://js.ad-score.com/score.min.js?pid=1000941&tt=g (2)
[77979:259:0910/192445.756262:INFO:CONSOLE(2)] "console.groupEnd", source: https://js.ad-score.com/score.min.js?pid=1000941&tt=g (2)
[77979:259:0910/192445.756272:INFO:CONSOLE(2)] "console.groupEnd", source: https://js.ad-score.com/score.min.js?pid=1000941&tt=g (2)
[77979:259:0910/192445.756293:INFO:CONSOLE(2)] "console.groupEnd", source: https://js.ad-score.com/score.min.js?pid=1000941&tt=g (2)
[77979:259:0910/192445.760654:INFO:CONSOLE(2)] "console.groupEnd", source: https://js.ad-score.com/score.min.js?pid=1000941&tt=g (2)
[77979:259:0910/192445.760700:INFO:CONSOLE(2)] "console.groupEnd", source: https://js.ad-score.com/score.min.js?pid=1000941&tt=g (2)
[77979:259:0910/192445.760712:INFO:CONSOLE(2)] "console.groupEnd", source: https://js.ad-score.com/score.min.js?pid=1000941&tt=g (2)
[77979:259:0910/192445.760721:INFO:CONSOLE(2)] "console.groupEnd", source: https://js.ad-score.com/score.min.js?pid=1000941&tt=g (2)
[77979:259:0910/192445.760737:INFO:CONSOLE(2)] "console.groupEnd", source: https://js.ad-score.com/score.min.js?pid=1000941&tt=g (2)
[77979:259:0910/192445.760747:INFO:CONSOLE(2)] "console.groupEnd", source: https://js.ad-score.com/score.min.js?pid=1000941&tt=g (2)
[77979:259:0910/192445.760763:INFO:CONSOLE(2)] "console.groupEnd", source: https://js.ad-score.com/score.min.js?pid=1000941&tt=g (2)
[77979:259:0910/192445.760786:INFO:CONSOLE(2)] "console.groupEnd", source: https://js.ad-score.com/score.min.js?pid=1000941&tt=g (2)
[77979:259:0910/192445.760798:INFO:CONSOLE(2)] "console.groupEnd", source: https://js.ad-score.com/score.min.js?pid=1000941&tt=g (2)
[77979:259:0910/192445.760810:INFO:CONSOLE(2)] "console.groupEnd", source: https://js.ad-score.com/score.min.js?pid=1000941&tt=g (2)
[77979:259:0910/192445.760818:INFO:CONSOLE(2)] "console.groupEnd", source: https://js.ad-score.com/score.min.js?pid=1000941&tt=g (2)
[77979:259:0910/192445.760826:INFO:CONSOLE(2)] "console.groupEnd", source: https://js.ad-score.com/score.min.js?pid=1000941&tt=g (2)
[77979:259:0910/192445.760834:INFO:CONSOLE(2)] "console.groupEnd", source: https://js.ad-score.com/score.min.js?pid=1000941&tt=g (2)
[77979:259:0910/192445.760841:INFO:CONSOLE(2)] "console.groupEnd", source: https://js.ad-score.com/score.min.js?pid=1000941&tt=g (2)
[77979:259:0910/192445.760850:INFO:CONSOLE(2)] "console.groupEnd", source: https://js.ad-score.com/score.min.js?pid=1000941&tt=g (2)
[77979:259:0910/192445.760858:INFO:CONSOLE(2)] "console.groupEnd", source: https://js.ad-score.com/score.min.js?pid=1000941&tt=g (2)
[77979:259:0910/192445.760869:INFO:CONSOLE(2)] "console.groupEnd", source: https://js.ad-score.com/score.min.js?pid=1000941&tt=g (2)
[77979:259:0910/192445.760877:INFO:CONSOLE(2)] "console.groupEnd", source: https://js.ad-score.com/score.min.js?pid=1000941&tt=g (2)
[77979:259:0910/192445.760884:INFO:CONSOLE(2)] "console.groupEnd", source: https://js.ad-score.com/score.min.js?pid=1000941&tt=g (2)
[77979:259:0910/192445.760891:INFO:CONSOLE(2)] "console.groupEnd", source: https://js.ad-score.com/score.min.js?pid=1000941&tt=g (2)
[77979:259:0910/192445.760902:INFO:CONSOLE(2)] "console.groupEnd", source: https://js.ad-score.com/score.min.js?pid=1000941&tt=g (2)
[77979:259:0910/192445.760911:INFO:CONSOLE(2)] "console.groupEnd", source: https://js.ad-score.com/score.min.js?pid=1000941&tt=g (2)
[77979:259:0910/192445.760920:INFO:CONSOLE(2)] "console.groupEnd", source: https://js.ad-score.com/score.min.js?pid=1000941&tt=g (2)
[77979:259:0910/192445.760929:INFO:CONSOLE(2)] "console.groupEnd", source: https://js.ad-score.com/score.min.js?pid=1000941&tt=g (2)
[77979:259:0910/192445.760937:INFO:CONSOLE(2)] "console.groupEnd", source: https://js.ad-score.com/score.min.js?pid=1000941&tt=g (2)
[77979:259:0910/192445.760946:INFO:CONSOLE(2)] "console.groupEnd", source: https://js.ad-score.com/score.min.js?pid=1000941&tt=g (2)
[77979:259:0910/192445.760954:INFO:CONSOLE(2)] "console.groupEnd", source: https://js.ad-score.com/score.min.js?pid=1000941&tt=g (2)
[77979:259:0910/192445.760963:INFO:CONSOLE(2)] "console.groupEnd", source: https://js.ad-score.com/score.min.js?pid=1000941&tt=g (2)
[77979:259:0910/192445.760971:INFO:CONSOLE(2)] "console.groupEnd", source: https://js.ad-score.com/score.min.js?pid=1000941&tt=g (2)
[77979:259:0910/192445.760978:INFO:CONSOLE(2)] "console.groupEnd", source: https://js.ad-score.com/score.min.js?pid=1000941&tt=g (2)
[77979:259:0910/192445.760991:INFO:CONSOLE(2)] "console.groupEnd", source: https://js.ad-score.com/score.min.js?pid=1000941&tt=g (2)
[77979:259:0910/192445.760998:INFO:CONSOLE(2)] "console.groupEnd", source: https://js.ad-score.com/score.min.js?pid=1000941&tt=g (2)
[77979:259:0910/192445.761005:INFO:CONSOLE(2)] "console.groupEnd", source: https://js.ad-score.com/score.min.js?pid=1000941&tt=g (2)
[77979:259:0910/192445.761013:INFO:CONSOLE(2)] "console.groupEnd", source: https://js.ad-score.com/score.min.js?pid=1000941&tt=g (2)
[77979:259:0910/192445.761020:INFO:CONSOLE(2)] "console.groupEnd", source: https://js.ad-score.com/score.min.js?pid=1000941&tt=g (2)
[77979:259:0910/192445.761027:INFO:CONSOLE(2)] "console.groupEnd", source: https://js.ad-score.com/score.min.js?pid=1000941&tt=g (2)
[77979:259:0910/192445.761036:INFO:CONSOLE(2)] "console.groupEnd", source: https://js.ad-score.com/score.min.js?pid=1000941&tt=g (2)
[77979:259:0910/192445.761050:INFO:CONSOLE(2)] "console.groupEnd", source: https://js.ad-score.com/score.min.js?pid=1000941&tt=g (2)
[77979:259:0910/192445.761060:INFO:CONSOLE(2)] "console.groupEnd", source: https://js.ad-score.com/score.min.js?pid=1000941&tt=g (2)
[77979:259:0910/192445.761075:INFO:CONSOLE(2)] "console.groupEnd", source: https://js.ad-score.com/score.min.js?pid=1000941&tt=g (2)
[77979:259:0910/192445.761088:INFO:CONSOLE(2)] "console.groupEnd", source: https://js.ad-score.com/score.min.js?pid=1000941&tt=g (2)
[77979:259:0910/192445.761098:INFO:CONSOLE(2)] "console.groupEnd", source: https://js.ad-score.com/score.min.js?pid=1000941&tt=g (2)
[77979:259:0910/192445.761109:INFO:CONSOLE(2)] "console.groupEnd", source: https://js.ad-score.com/score.min.js?pid=1000941&tt=g (2)
[77979:259:0910/192445.761118:INFO:CONSOLE(2)] "console.groupEnd", source: https://js.ad-score.com/score.min.js?pid=1000941&tt=g (2)
[77979:259:0910/192445.761129:INFO:CONSOLE(2)] "console.groupEnd", source: https://js.ad-score.com/score.min.js?pid=1000941&tt=g (2)
[77979:259:0910/192445.761137:INFO:CONSOLE(2)] "console.groupEnd", source: https://js.ad-score.com/score.min.js?pid=1000941&tt=g (2)
[77979:259:0910/192445.761146:INFO:CONSOLE(2)] "console.groupEnd", source: https://js.ad-score.com/score.min.js?pid=1000941&tt=g (2)
[77979:259:0910/192445.761153:INFO:CONSOLE(2)] "console.groupEnd", source: https://js.ad-score.com/score.min.js?pid=1000941&tt=g (2)
[77979:259:0910/192445.761161:INFO:CONSOLE(2)] "console.groupEnd", source: https://js.ad-score.com/score.min.js?pid=1000941&tt=g (2)
[77979:259:0910/192445.761170:INFO:CONSOLE(2)] "console.groupEnd", source: https://js.ad-score.com/score.min.js?pid=1000941&tt=g (2)
[77979:259:0910/192445.761177:INFO:CONSOLE(2)] "console.groupEnd", source: https://js.ad-score.com/score.min.js?pid=1000941&tt=g (2)
[77979:259:0910/192445.761184:INFO:CONSOLE(2)] "console.groupEnd", source: https://js.ad-score.com/score.min.js?pid=1000941&tt=g (2)
[77979:259:0910/192445.761194:INFO:CONSOLE(2)] "console.groupEnd", source: https://js.ad-score.com/score.min.js?pid=1000941&tt=g (2)
[77979:259:0910/192445.761201:INFO:CONSOLE(2)] "console.groupEnd", source: https://js.ad-score.com/score.min.js?pid=1000941&tt=g (2)
[77979:259:0910/192445.761208:INFO:CONSOLE(2)] "console.groupEnd", source: https://js.ad-score.com/score.min.js?pid=1000941&tt=g (2)
[77979:259:0910/192445.761216:INFO:CONSOLE(2)] "console.groupEnd", source: https://js.ad-score.com/score.min.js?pid=1000941&tt=g (2)
[77979:259:0910/192445.761224:INFO:CONSOLE(2)] "console.groupEnd", source: https://js.ad-score.com/score.min.js?pid=1000941&tt=g (2)
[77979:259:0910/192445.761231:INFO:CONSOLE(2)] "console.groupEnd", source: https://js.ad-score.com/score.min.js?pid=1000941&tt=g (2)
[77979:259:0910/192445.761238:INFO:CONSOLE(2)] "console.groupEnd", source: https://js.ad-score.com/score.min.js?pid=1000941&tt=g (2)
[77979:259:0910/192445.761246:INFO:CONSOLE(2)] "console.groupEnd", source: https://js.ad-score.com/score.min.js?pid=1000941&tt=g (2)
[77979:259:0910/192445.761253:INFO:CONSOLE(2)] "console.groupEnd", source: https://js.ad-score.com/score.min.js?pid=1000941&tt=g (2)
[77979:259:0910/192445.761263:INFO:CONSOLE(2)] "console.groupEnd", source: https://js.ad-score.com/score.min.js?pid=1000941&tt=g (2)
[77979:259:0910/192445.761274:INFO:CONSOLE(2)] "console.groupEnd", source: https://js.ad-score.com/score.min.js?pid=1000941&tt=g (2)
[77979:259:0910/192445.761284:INFO:CONSOLE(2)] "console.groupEnd", source: https://js.ad-score.com/score.min.js?pid=1000941&tt=g (2)
[77979:259:0910/192446.911202:INFO:CONSOLE(19)] "Mixed Content: The page at 'https://www.automationexercise.com/products' was loaded over HTTPS, but requested an insecure stylesheet 'http://fonts.googleapis.com/css?family=Roboto:400,300,400italic,500,700,100'. This request has been blocked; the content must be served over HTTPS.", source: https://www.automationexercise.com/products (19)
[77979:259:0910/192446.911253:INFO:CONSOLE(19)] "Mixed Content: The page at 'https://www.automationexercise.com/products' was loaded over HTTPS, but requested an insecure stylesheet 'http://fonts.googleapis.com/css?family=Open+Sans:400,800,300,600,700'. This request has been blocked; the content must be served over HTTPS.", source: https://www.automationexercise.com/products (19)
[77979:259:0910/192446.911289:INFO:CONSOLE(19)] "Mixed Content: The page at 'https://www.automationexercise.com/products' was loaded over HTTPS, but requested an insecure stylesheet 'http://fonts.googleapis.com/css?family=Abel'. This request has been blocked; the content must be served over HTTPS.", source: https://www.automationexercise.com/products (19)
[77979:259:0910/192447.985838:INFO:CONSOLE(2)] "SyntaxError", source: https://js.ad-score.com/score.min.js?pid=1000941&tt=g (2)
[77979:259:0910/192448.059321:INFO:CONSOLE(2)] "console.groupEnd", source: https://js.ad-score.com/score.min.js?pid=1000941&tt=g (2)
[77979:259:0910/192448.059368:INFO:CONSOLE(2)] "console.groupEnd", source: https://js.ad-score.com/score.min.js?pid=1000941&tt=g (2)
[77979:259:0910/192448.059378:INFO:CONSOLE(2)] "console.groupEnd", source: https://js.ad-score.com/score.min.js?pid=1000941&tt=g (2)
[77979:259:0910/192448.059403:INFO:CONSOLE(2)] "console.groupEnd", source: https://js.ad-score.com/score.min.js?pid=1000941&tt=g (2)
[77979:259:0910/192448.059422:INFO:CONSOLE(2)] "console.groupEnd", source: https://js.ad-score.com/score.min.js?pid=1000941&tt=g (2)
[77979:259:0910/192448.059434:INFO:CONSOLE(2)] "console.groupEnd", source: https://js.ad-score.com/score.min.js?pid=1000941&tt=g (2)
[77979:259:0910/192448.059455:INFO:CONSOLE(2)] "console.groupEnd", source: https://js.ad-score.com/score.min.js?pid=1000941&tt=g (2)
[77979:259:0910/192448.059463:INFO:CONSOLE(2)] "console.groupEnd", source: https://js.ad-score.com/score.min.js?pid=1000941&tt=g (2)
[77979:259:0910/192448.059474:INFO:CONSOLE(2)] "console.groupEnd", source: https://js.ad-score.com/score.min.js?pid=1000941&tt=g (2)
[77979:259:0910/192448.059482:INFO:CONSOLE(2)] "console.groupEnd", source: https://js.ad-score.com/score.min.js?pid=1000941&tt=g (2)
[77979:259:0910/192448.059490:INFO:CONSOLE(2)] "console.groupEnd", source: https://js.ad-score.com/score.min.js?pid=1000941&tt=g (2)
[77979:259:0910/192448.059502:INFO:CONSOLE(2)] "console.groupEnd", source: https://js.ad-score.com/score.min.js?pid=1000941&tt=g (2)
[77979:259:0910/192448.059514:INFO:CONSOLE(2)] "console.groupEnd", source: https://js.ad-score.com/score.min.js?pid=1000941&tt=g (2)
[77979:259:0910/192448.059527:INFO:CONSOLE(2)] "console.groupEnd", source: https://js.ad-score.com/score.min.js?pid=1000941&tt=g (2)
[77979:259:0910/192448.059538:INFO:CONSOLE(2)] "console.groupEnd", source: https://js.ad-score.com/score.min.js?pid=1000941&tt=g (2)
[77979:259:0910/192448.059548:INFO:CONSOLE(2)] "console.groupEnd", source: https://js.ad-score.com/score.min.js?pid=1000941&tt=g (2)
[77979:259:0910/192448.059556:INFO:CONSOLE(2)] "console.groupEnd", source: https://js.ad-score.com/score.min.js?pid=1000941&tt=g (2)
[77979:259:0910/192448.059565:INFO:CONSOLE(2)] "console.groupEnd", source: https://js.ad-score.com/score.min.js?pid=1000941&tt=g (2)
[77979:259:0910/192448.059574:INFO:CONSOLE(2)] "console.groupEnd", source: https://js.ad-score.com/score.min.js?pid=1000941&tt=g (2)
[77979:259:0910/192448.059584:INFO:CONSOLE(2)] "console.groupEnd", source: https://js.ad-score.com/score.min.js?pid=1000941&tt=g (2)
[77979:259:0910/192448.059599:INFO:CONSOLE(2)] "console.groupEnd", source: https://js.ad-score.com/score.min.js?pid=1000941&tt=g (2)
[77979:259:0910/192448.059607:INFO:CONSOLE(2)] "console.groupEnd", source: https://js.ad-score.com/score.min.js?pid=1000941&tt=g (2)
[77979:259:0910/192448.059620:INFO:CONSOLE(2)] "console.groupEnd", source: https://js.ad-score.com/score.min.js?pid=1000941&tt=g (2)
[77979:259:0910/192448.059628:INFO:CONSOLE(2)] "console.groupEnd", source: https://js.ad-score.com/score.min.js?pid=1000941&tt=g (2)
[77979:259:0910/192448.059635:INFO:CONSOLE(2)] "console.groupEnd", source: https://js.ad-score.com/score.min.js?pid=1000941&tt=g (2)
[77979:259:0910/192448.059654:INFO:CONSOLE(2)] "console.groupEnd", source: https://js.ad-score.com/score.min.js?pid=1000941&tt=g (2)
[77979:259:0910/192448.059661:INFO:CONSOLE(2)] "console.groupEnd", source: https://js.ad-score.com/score.min.js?pid=1000941&tt=g (2)
[77979:259:0910/192448.059704:INFO:CONSOLE(2)] "console.groupEnd", source: https://js.ad-score.com/score.min.js?pid=1000941&tt=g (2)
[77979:259:0910/192448.059739:INFO:CONSOLE(2)] "console.groupEnd", source: https://js.ad-score.com/score.min.js?pid=1000941&tt=g (2)
[77979:259:0910/192448.059755:INFO:CONSOLE(2)] "console.groupEnd", source: https://js.ad-score.com/score.min.js?pid=1000941&tt=g (2)
[77979:259:0910/192448.059773:INFO:CONSOLE(2)] "console.groupEnd", source: https://js.ad-score.com/score.min.js?pid=1000941&tt=g (2)
[77979:259:0910/192448.059787:INFO:CONSOLE(2)] "console.groupEnd", source: https://js.ad-score.com/score.min.js?pid=1000941&tt=g (2)
[77979:259:0910/192448.059804:INFO:CONSOLE(2)] "console.groupEnd", source: https://js.ad-score.com/score.min.js?pid=1000941&tt=g (2)
[77979:259:0910/192448.059818:INFO:CONSOLE(2)] "console.groupEnd", source: https://js.ad-score.com/score.min.js?pid=1000941&tt=g (2)
[77979:259:0910/192448.059829:INFO:CONSOLE(2)] "console.groupEnd", source: https://js.ad-score.com/score.min.js?pid=1000941&tt=g (2)
[77979:259:0910/192448.059839:INFO:CONSOLE(2)] "console.groupEnd", source: https://js.ad-score.com/score.min.js?pid=1000941&tt=g (2)
[77979:259:0910/192448.059849:INFO:CONSOLE(2)] "console.groupEnd", source: https://js.ad-score.com/score.min.js?pid=1000941&tt=g (2)
[77979:259:0910/192448.059865:INFO:CONSOLE(2)] "console.groupEnd", source: https://js.ad-score.com/score.min.js?pid=1000941&tt=g (2)
[77979:259:0910/192448.059873:INFO:CONSOLE(2)] "console.groupEnd", source: https://js.ad-score.com/score.min.js?pid=1000941&tt=g (2)
[77979:259:0910/192448.059886:INFO:CONSOLE(2)] "console.groupEnd", source: https://js.ad-score.com/score.min.js?pid=1000941&tt=g (2)
[77979:259:0910/192448.059895:INFO:CONSOLE(2)] "console.groupEnd", source: https://js.ad-score.com/score.min.js?pid=1000941&tt=g (2)
[77979:259:0910/192448.059915:INFO:CONSOLE(2)] "console.groupEnd", source: https://js.ad-score.com/score.min.js?pid=1000941&tt=g (2)
[77979:259:0910/192448.059929:INFO:CONSOLE(2)] "console.groupEnd", source: https://js.ad-score.com/score.min.js?pid=1000941&tt=g (2)
[77979:259:0910/192448.059952:INFO:CONSOLE(2)] "console.groupEnd", source: https://js.ad-score.com/score.min.js?pid=1000941&tt=g (2)
[77979:259:0910/192448.059962:INFO:CONSOLE(2)] "console.groupEnd", source: https://js.ad-score.com/score.min.js?pid=1000941&tt=g (2)
[77979:259:0910/192448.059977:INFO:CONSOLE(2)] "console.groupEnd", source: https://js.ad-score.com/score.min.js?pid=1000941&tt=g (2)
[77979:259:0910/192448.060008:INFO:CONSOLE(2)] "console.groupEnd", source: https://js.ad-score.com/score.min.js?pid=1000941&tt=g (2)
[77979:259:0910/192448.060044:INFO:CONSOLE(2)] "console.groupEnd", source: https://js.ad-score.com/score.min.js?pid=1000941&tt=g (2)
[77979:259:0910/192448.060060:INFO:CONSOLE(2)] "console.groupEnd", source: https://js.ad-score.com/score.min.js?pid=1000941&tt=g (2)
[77979:259:0910/192448.060070:INFO:CONSOLE(2)] "console.groupEnd", source: https://js.ad-score.com/score.min.js?pid=1000941&tt=g (2)
[77979:259:0910/192448.060080:INFO:CONSOLE(2)] "console.groupEnd", source: https://js.ad-score.com/score.min.js?pid=1000941&tt=g (2)
[77979:259:0910/192448.060090:INFO:CONSOLE(2)] "console.groupEnd", source: https://js.ad-score.com/score.min.js?pid=1000941&tt=g (2)
[77979:259:0910/192448.060120:INFO:CONSOLE(2)] "console.groupEnd", source: https://js.ad-score.com/score.min.js?pid=1000941&tt=g (2)
[77979:259:0910/192448.060140:INFO:CONSOLE(2)] "console.groupEnd", source: https://js.ad-score.com/score.min.js?pid=1000941&tt=g (2)
[77979:259:0910/192448.060152:INFO:CONSOLE(2)] "console.groupEnd", source: https://js.ad-score.com/score.min.js?pid=1000941&tt=g (2)
[77979:259:0910/192448.060164:INFO:CONSOLE(2)] "console.groupEnd", source: https://js.ad-score.com/score.min.js?pid=1000941&tt=g (2)
[77979:259:0910/192448.060184:INFO:CONSOLE(2)] "console.groupEnd", source: https://js.ad-score.com/score.min.js?pid=1000941&tt=g (2)
[77979:259:0910/192448.060193:INFO:CONSOLE(2)] "console.groupEnd", source: https://js.ad-score.com/score.min.js?pid=1000941&tt=g (2)
[77979:259:0910/192448.060210:INFO:CONSOLE(2)] "console.groupEnd", source: https://js.ad-score.com/score.min.js?pid=1000941&tt=g (2)
[77979:259:0910/192448.060220:INFO:CONSOLE(2)] "console.groupEnd", source: https://js.ad-score.com/score.min.js?pid=1000941&tt=g (2)
[77979:259:0910/192448.060230:INFO:CONSOLE(2)] "console.groupEnd", source: https://js.ad-score.com/score.min.js?pid=1000941&tt=g (2)
[77979:259:0910/192448.060240:INFO:CONSOLE(2)] "console.groupEnd", source: https://js.ad-score.com/score.min.js?pid=1000941&tt=g (2)
[77979:259:0910/192448.060249:INFO:CONSOLE(2)] "console.groupEnd", source: https://js.ad-score.com/score.min.js?pid=1000941&tt=g (2)
[77979:259:0910/192448.060259:INFO:CONSOLE(2)] "console.groupEnd", source: https://js.ad-score.com/score.min.js?pid=1000941&tt=g (2)
[77979:259:0910/192448.060268:INFO:CONSOLE(2)] "console.groupEnd", source: https://js.ad-score.com/score.min.js?pid=1000941&tt=g (2)
[77979:259:0910/192448.060314:INFO:CONSOLE(2)] "console.groupEnd", source: https://js.ad-score.com/score.min.js?pid=1000941&tt=g (2)
[77979:259:0910/192448.060330:INFO:CONSOLE(2)] "console.groupEnd", source: https://js.ad-score.com/score.min.js?pid=1000941&tt=g (2)
[77979:259:0910/192448.060340:INFO:CONSOLE(2)] "console.groupEnd", source: https://js.ad-score.com/score.min.js?pid=1000941&tt=g (2)
[77979:259:0910/192448.060350:INFO:CONSOLE(2)] "console.groupEnd", source: https://js.ad-score.com/score.min.js?pid=1000941&tt=g (2)
[77979:259:0910/192448.065545:INFO:CONSOLE(2)] "console.groupEnd", source: https://js.ad-score.com/score.min.js?pid=1000941&tt=g (2)
[77979:259:0910/192448.065601:INFO:CONSOLE(2)] "console.groupEnd", source: https://js.ad-score.com/score.min.js?pid=1000941&tt=g (2)
[77979:259:0910/192448.065614:INFO:CONSOLE(2)] "console.groupEnd", source: https://js.ad-score.com/score.min.js?pid=1000941&tt=g (2)
[77979:259:0910/192448.065626:INFO:CONSOLE(2)] "console.groupEnd", source: https://js.ad-score.com/score.min.js?pid=1000941&tt=g (2)
[77979:259:0910/192448.065652:INFO:CONSOLE(2)] "console.groupEnd", source: https://js.ad-score.com/score.min.js?pid=1000941&tt=g (2)
[77979:259:0910/192448.065665:INFO:CONSOLE(2)] "console.groupEnd", source: https://js.ad-score.com/score.min.js?pid=1000941&tt=g (2)
[77979:259:0910/192448.065675:INFO:CONSOLE(2)] "console.groupEnd", source: https://js.ad-score.com/score.min.js?pid=1000941&tt=g (2)
[77979:259:0910/192448.065688:INFO:CONSOLE(2)] "console.groupEnd", source: https://js.ad-score.com/score.min.js?pid=1000941&tt=g (2)
[77979:259:0910/192448.065699:INFO:CONSOLE(2)] "console.groupEnd", source: https://js.ad-score.com/score.min.js?pid=1000941&tt=g (2)
[77979:259:0910/192448.065758:INFO:CONSOLE(2)] "console.groupEnd", source: https://js.ad-score.com/score.min.js?pid=1000941&tt=g (2)
[77979:259:0910/192448.065791:INFO:CONSOLE(2)] "console.groupEnd", source: https://js.ad-score.com/score.min.js?pid=1000941&tt=g (2)
[77979:259:0910/192448.065803:INFO:CONSOLE(2)] "console.groupEnd", source: https://js.ad-score.com/score.min.js?pid=1000941&tt=g (2)
[77979:259:0910/192448.065831:INFO:CONSOLE(2)] "console.groupEnd", source: https://js.ad-score.com/score.min.js?pid=1000941&tt=g (2)
[77979:259:0910/192448.065844:INFO:CONSOLE(2)] "console.groupEnd", source: https://js.ad-score.com/score.min.js?pid=1000941&tt=g (2)
[77979:259:0910/192448.065877:INFO:CONSOLE(2)] "console.groupEnd", source: https://js.ad-score.com/score.min.js?pid=1000941&tt=g (2)
[77979:259:0910/192448.065902:INFO:CONSOLE(2)] "console.groupEnd", source: https://js.ad-score.com/score.min.js?pid=1000941&tt=g (2)
[77979:259:0910/192448.065919:INFO:CONSOLE(2)] "console.groupEnd", source: https://js.ad-score.com/score.min.js?pid=1000941&tt=g (2)
[77979:259:0910/192448.065947:INFO:CONSOLE(2)] "console.groupEnd", source: https://js.ad-score.com/score.min.js?pid=1000941&tt=g (2)
[77979:259:0910/192448.065972:INFO:CONSOLE(2)] "console.groupEnd", source: https://js.ad-score.com/score.min.js?pid=1000941&tt=g (2)
[77979:259:0910/192448.065982:INFO:CONSOLE(2)] "console.groupEnd", source: https://js.ad-score.com/score.min.js?pid=1000941&tt=g (2)
[77979:259:0910/192448.065997:INFO:CONSOLE(2)] "console.groupEnd", source: https://js.ad-score.com/score.min.js?pid=1000941&tt=g (2)
[77979:259:0910/192448.066007:INFO:CONSOLE(2)] "console.groupEnd", source: https://js.ad-score.com/score.min.js?pid=1000941&tt=g (2)
[77979:259:0910/192448.066021:INFO:CONSOLE(2)] "console.groupEnd", source: https://js.ad-score.com/score.min.js?pid=1000941&tt=g (2)
[77979:259:0910/192448.066046:INFO:CONSOLE(2)] "console.groupEnd", source: https://js.ad-score.com/score.min.js?pid=1000941&tt=g (2)
[77979:259:0910/192448.066060:INFO:CONSOLE(2)] "console.groupEnd", source: https://js.ad-score.com/score.min.js?pid=1000941&tt=g (2)
[77979:259:0910/192448.066076:INFO:CONSOLE(2)] "console.groupEnd", source: https://js.ad-score.com/score.min.js?pid=1000941&tt=g (2)
[77979:259:0910/192448.066094:INFO:CONSOLE(2)] "console.groupEnd", source: https://js.ad-score.com/score.min.js?pid=1000941&tt=g (2)
[77979:259:0910/192448.066105:INFO:CONSOLE(2)] "console.groupEnd", source: https://js.ad-score.com/score.min.js?pid=1000941&tt=g (2)
[77979:259:0910/192448.066115:INFO:CONSOLE(2)] "console.groupEnd", source: https://js.ad-score.com/score.min.js?pid=1000941&tt=g (2)
[77979:259:0910/192448.066127:INFO:CONSOLE(2)] "console.groupEnd", source: https://js.ad-score.com/score.min.js?pid=1000941&tt=g (2)
[77979:259:0910/192448.066136:INFO:CONSOLE(2)] "console.groupEnd", source: https://js.ad-score.com/score.min.js?pid=1000941&tt=g (2)
[77979:259:0910/192448.066146:INFO:CONSOLE(2)] "console.groupEnd", source: https://js.ad-score.com/score.min.js?pid=1000941&tt=g (2)
[77979:259:0910/192448.066156:INFO:CONSOLE(2)] "console.groupEnd", source: https://js.ad-score.com/score.min.js?pid=1000941&tt=g (2)
[77979:259:0910/192448.066167:INFO:CONSOLE(2)] "console.groupEnd", source: https://js.ad-score.com/score.min.js?pid=1000941&tt=g (2)
[77979:259:0910/192448.066205:INFO:CONSOLE(2)] "console.groupEnd", source: https://js.ad-score.com/score.min.js?pid=1000941&tt=g (2)
[77979:259:0910/192448.066224:INFO:CONSOLE(2)] "console.groupEnd", source: https://js.ad-score.com/score.min.js?pid=1000941&tt=g (2)
[77979:259:0910/192448.066241:INFO:CONSOLE(2)] "console.groupEnd", source: https://js.ad-score.com/score.min.js?pid=1000941&tt=g (2)
[77979:259:0910/192448.066251:INFO:CONSOLE(2)] "console.groupEnd", source: https://js.ad-score.com/score.min.js?pid=1000941&tt=g (2)
[77979:259:0910/192448.066284:INFO:CONSOLE(2)] "console.groupEnd", source: https://js.ad-score.com/score.min.js?pid=1000941&tt=g (2)
[77979:259:0910/192448.066312:INFO:CONSOLE(2)] "console.groupEnd", source: https://js.ad-score.com/score.min.js?pid=1000941&tt=g (2)
[77979:259:0910/192448.066327:INFO:CONSOLE(2)] "console.groupEnd", source: https://js.ad-score.com/score.min.js?pid=1000941&tt=g (2)
[77979:259:0910/192448.066338:INFO:CONSOLE(2)] "console.groupEnd", source: https://js.ad-score.com/score.min.js?pid=1000941&tt=g (2)
[77979:259:0910/192448.066349:INFO:CONSOLE(2)] "console.groupEnd", source: https://js.ad-score.com/score.min.js?pid=1000941&tt=g (2)
[77979:259:0910/192448.066359:INFO:CONSOLE(2)] "console.groupEnd", source: https://js.ad-score.com/score.min.js?pid=1000941&tt=g (2)
[77979:259:0910/192448.066369:INFO:CONSOLE(2)] "console.groupEnd", source: https://js.ad-score.com/score.min.js?pid=1000941&tt=g (2)
[77979:259:0910/192448.066380:INFO:CONSOLE(2)] "console.groupEnd", source: https://js.ad-score.com/score.min.js?pid=1000941&tt=g (2)
[77979:259:0910/192448.066396:INFO:CONSOLE(2)] "console.groupEnd", source: https://js.ad-score.com/score.min.js?pid=1000941&tt=g (2)
[77979:259:0910/192448.066405:INFO:CONSOLE(2)] "console.groupEnd", source: https://js.ad-score.com/score.min.js?pid=1000941&tt=g (2)
[77979:259:0910/192448.066415:INFO:CONSOLE(2)] "console.groupEnd", source: https://js.ad-score.com/score.min.js?pid=1000941&tt=g (2)
[77979:259:0910/192448.066432:INFO:CONSOLE(2)] "console.groupEnd", source: https://js.ad-score.com/score.min.js?pid=1000941&tt=g (2)
[77979:259:0910/192448.066479:INFO:CONSOLE(2)] "console.groupEnd", source: https://js.ad-score.com/score.min.js?pid=1000941&tt=g (2)
[77979:259:0910/192448.066493:INFO:CONSOLE(2)] "console.groupEnd", source: https://js.ad-score.com/score.min.js?pid=1000941&tt=g (2)
[77979:259:0910/192448.066502:INFO:CONSOLE(2)] "console.groupEnd", source: https://js.ad-score.com/score.min.js?pid=1000941&tt=g (2)
[77979:259:0910/192448.066511:INFO:CONSOLE(2)] "console.groupEnd", source: https://js.ad-score.com/score.min.js?pid=1000941&tt=g (2)
[77979:259:0910/192448.066521:INFO:CONSOLE(2)] "console.groupEnd", source: https://js.ad-score.com/score.min.js?pid=1000941&tt=g (2)
[77979:259:0910/192448.066549:INFO:CONSOLE(2)] "console.groupEnd", source: https://js.ad-score.com/score.min.js?pid=1000941&tt=g (2)
[77979:259:0910/192448.066566:INFO:CONSOLE(2)] "console.groupEnd", source: https://js.ad-score.com/score.min.js?pid=1000941&tt=g (2)
[77979:259:0910/192448.066578:INFO:CONSOLE(2)] "console.groupEnd", source: https://js.ad-score.com/score.min.js?pid=1000941&tt=g (2)
[77979:259:0910/192448.066590:INFO:CONSOLE(2)] "console.groupEnd", source: https://js.ad-score.com/score.min.js?pid=1000941&tt=g (2)
[77979:259:0910/192448.066600:INFO:CONSOLE(2)] "console.groupEnd", source: https://js.ad-score.com/score.min.js?pid=1000941&tt=g (2)
[77979:259:0910/192448.066609:INFO:CONSOLE(2)] "console.groupEnd", source: https://js.ad-score.com/score.min.js?pid=1000941&tt=g (2)
[77979:259:0910/192448.066619:INFO:CONSOLE(2)] "console.groupEnd", source: https://js.ad-score.com/score.min.js?pid=1000941&tt=g (2)
[77979:259:0910/192448.066631:INFO:CONSOLE(2)] "console.groupEnd", source: https://js.ad-score.com/score.min.js?pid=1000941&tt=g (2)
[77979:259:0910/192448.066643:INFO:CONSOLE(2)] "console.groupEnd", source: https://js.ad-score.com/score.min.js?pid=1000941&tt=g (2)
[77979:259:0910/192448.066653:INFO:CONSOLE(2)] "console.groupEnd", source: https://js.ad-score.com/score.min.js?pid=1000941&tt=g (2)
[77979:259:0910/192448.066670:INFO:CONSOLE(2)] "console.groupEnd", source: https://js.ad-score.com/score.min.js?pid=1000941&tt=g (2)
[77979:259:0910/192448.066680:INFO:CONSOLE(2)] "console.groupEnd", source: https://js.ad-score.com/score.min.js?pid=1000941&tt=g (2)
[77979:259:0910/192448.066692:INFO:CONSOLE(2)] "console.groupEnd", source: https://js.ad-score.com/score.min.js?pid=1000941&tt=g (2)
[77979:259:0910/192448.066700:INFO:CONSOLE(2)] "console.groupEnd", source: https://js.ad-score.com/score.min.js?pid=1000941&tt=g (2)
[77979:259:0910/192448.066710:INFO:CONSOLE(2)] "console.groupEnd", source: https://js.ad-score.com/score.min.js?pid=1000941&tt=g (2)
[77979:259:0910/192448.066718:INFO:CONSOLE(2)] "console.groupEnd", source: https://js.ad-score.com/score.min.js?pid=1000941&tt=g (2)
[77979:259:0910/192448.066725:INFO:CONSOLE(2)] "console.groupEnd", source: https://js.ad-score.com/score.min.js?pid=1000941&tt=g (2)
[77979:259:0910/192448.066754:INFO:CONSOLE(2)] "console.groupEnd", source: https://js.ad-score.com/score.min.js?pid=1000941&tt=g (2)
[77979:259:0910/192448.066762:INFO:CONSOLE(2)] "console.groupEnd", source: https://js.ad-score.com/score.min.js?pid=1000941&tt=g (2)
[77979:259:0910/192448.066770:INFO:CONSOLE(2)] "console.groupEnd", source: https://js.ad-score.com/score.min.js?pid=1000941&tt=g (2)
[77979:259:0910/192448.066779:INFO:CONSOLE(2)] "console.groupEnd", source: https://js.ad-score.com/score.min.js?pid=1000941&tt=g (2)
[77979:259:0910/192448.066789:INFO:CONSOLE(2)] "console.groupEnd", source: https://js.ad-score.com/score.min.js?pid=1000941&tt=g (2)
[77979:259:0910/192448.066799:INFO:CONSOLE(2)] "console.groupEnd", source: https://js.ad-score.com/score.min.js?pid=1000941&tt=g (2)
[77979:259:0910/192448.066831:INFO:CONSOLE(2)] "console.groupEnd", source: https://js.ad-score.com/score.min.js?pid=1000941&tt=g (2)
[77979:259:0910/192448.066843:INFO:CONSOLE(2)] "console.groupEnd", source: https://js.ad-score.com/score.min.js?pid=1000941&tt=g (2)
[77979:259:0910/192448.066863:INFO:CONSOLE(2)] "console.groupEnd", source: https://js.ad-score.com/score.min.js?pid=1000941&tt=g (2)
[77979:259:0910/192448.066870:INFO:CONSOLE(2)] "console.groupEnd", source: https://js.ad-score.com/score.min.js?pid=1000941&tt=g (2)
[77979:259:0910/192448.066880:INFO:CONSOLE(2)] "console.groupEnd", source: https://js.ad-score.com/score.min.js?pid=1000941&tt=g (2)
[77979:259:0910/192448.066889:INFO:CONSOLE(2)] "console.groupEnd", source: https://js.ad-score.com/score.min.js?pid=1000941&tt=g (2)
[77979:259:0910/192448.066899:INFO:CONSOLE(2)] "console.groupEnd", source: https://js.ad-score.com/score.min.js?pid=1000941&tt=g (2)
[77979:259:0910/192448.066907:INFO:CONSOLE(2)] "console.groupEnd", source: https://js.ad-score.com/score.min.js?pid=1000941&tt=g (2)
[77979:259:0910/192448.066917:INFO:CONSOLE(2)] "console.groupEnd", source: https://js.ad-score.com/score.min.js?pid=1000941&tt=g (2)
[77979:259:0910/192448.066926:INFO:CONSOLE(2)] "console.groupEnd", source: https://js.ad-score.com/score.min.js?pid=1000941&tt=g (2)
[77979:259:0910/192448.066937:INFO:CONSOLE(2)] "console.groupEnd", source: https://js.ad-score.com/score.min.js?pid=1000941&tt=g (2)
[77979:259:0910/192448.066948:INFO:CONSOLE(2)] "console.groupEnd", source: https://js.ad-score.com/score.min.js?pid=1000941&tt=g (2)
[77979:259:0910/192448.066956:INFO:CONSOLE(2)] "console.groupEnd", source: https://js.ad-score.com/score.min.js?pid=1000941&tt=g (2)
[77979:259:0910/192448.066965:INFO:CONSOLE(2)] "console.groupEnd", source: https://js.ad-score.com/score.min.js?pid=1000941&tt=g (2)
[77979:259:0910/192448.066972:INFO:CONSOLE(2)] "console.groupEnd", source: https://js.ad-score.com/score.min.js?pid=1000941&tt=g (2)
[77979:259:0910/192448.066980:INFO:CONSOLE(2)] "console.groupEnd", source: https://js.ad-score.com/score.min.js?pid=1000941&tt=g (2)
[77979:259:0910/192448.066991:INFO:CONSOLE(2)] "console.groupEnd", source: https://js.ad-score.com/score.min.js?pid=1000941&tt=g (2)
[77979:259:0910/192448.067002:INFO:CONSOLE(2)] "console.groupEnd", source: https://js.ad-score.com/score.min.js?pid=1000941&tt=g (2)
[77979:259:0910/192448.067011:INFO:CONSOLE(2)] "console.groupEnd", source: https://js.ad-score.com/score.min.js?pid=1000941&tt=g (2)
[77979:259:0910/192448.067020:INFO:CONSOLE(2)] "console.groupEnd", source: https://js.ad-score.com/score.min.js?pid=1000941&tt=g (2)
[77979:259:0910/192448.067028:INFO:CONSOLE(2)] "console.groupEnd", source: https://js.ad-score.com/score.min.js?pid=1000941&tt=g (2)
[77979:259:0910/192448.067040:INFO:CONSOLE(2)] "console.groupEnd", source: https://js.ad-score.com/score.min.js?pid=1000941&tt=g (2)
[77979:259:0910/192448.067047:INFO:CONSOLE(2)] "console.groupEnd", source: https://js.ad-score.com/score.min.js?pid=1000941&tt=g (2)
[77979:259:0910/192448.067056:INFO:CONSOLE(2)] "console.groupEnd", source: https://js.ad-score.com/score.min.js?pid=1000941&tt=g (2)
[77979:259:0910/192448.067092:INFO:CONSOLE(2)] "console.groupEnd", source: https://js.ad-score.com/score.min.js?pid=1000941&tt=g (2)
[77979:259:0910/192448.067103:INFO:CONSOLE(2)] "console.groupEnd", source: https://js.ad-score.com/score.min.js?pid=1000941&tt=g (2)
[77979:259:0910/192448.067113:INFO:CONSOLE(2)] "console.groupEnd", source: https://js.ad-score.com/score.min.js?pid=1000941&tt=g (2)
[77979:259:0910/192448.067120:INFO:CONSOLE(2)] "console.groupEnd", source: https://js.ad-score.com/score.min.js?pid=1000941&tt=g (2)
[77979:259:0910/192448.067130:INFO:CONSOLE(2)] "console.groupEnd", source: https://js.ad-score.com/score.min.js?pid=1000941&tt=g (2)
[77979:259:0910/192448.067142:INFO:CONSOLE(2)] "console.groupEnd", source: https://js.ad-score.com/score.min.js?pid=1000941&tt=g (2)
[77979:259:0910/192448.067152:INFO:CONSOLE(2)] "console.groupEnd", source: https://js.ad-score.com/score.min.js?pid=1000941&tt=g (2)
[77979:259:0910/192448.067161:INFO:CONSOLE(2)] "console.groupEnd", source: https://js.ad-score.com/score.min.js?pid=1000941&tt=g (2)
[77979:259:0910/192448.067190:INFO:CONSOLE(2)] "console.groupEnd", source: https://js.ad-score.com/score.min.js?pid=1000941&tt=g (2)
[77979:259:0910/192448.067200:INFO:CONSOLE(2)] "console.groupEnd", source: https://js.ad-score.com/score.min.js?pid=1000941&tt=g (2)
[77979:259:0910/192448.067208:INFO:CONSOLE(2)] "console.groupEnd", source: https://js.ad-score.com/score.min.js?pid=1000941&tt=g (2)
[77979:259:0910/192448.067217:INFO:CONSOLE(2)] "console.groupEnd", source: https://js.ad-score.com/score.min.js?pid=1000941&tt=g (2)
[77979:259:0910/192448.067232:INFO:CONSOLE(2)] "console.groupEnd", source: https://js.ad-score.com/score.min.js?pid=1000941&tt=g (2)
[77979:259:0910/192448.067240:INFO:CONSOLE(2)] "console.groupEnd", source: https://js.ad-score.com/score.min.js?pid=1000941&tt=g (2)
[77979:259:0910/192448.067247:INFO:CONSOLE(2)] "console.groupEnd", source: https://js.ad-score.com/score.min.js?pid=1000941&tt=g (2)
[77979:259:0910/192448.067255:INFO:CONSOLE(2)] "console.groupEnd", source: https://js.ad-score.com/score.min.js?pid=1000941&tt=g (2)
[77979:259:0910/192448.067263:INFO:CONSOLE(2)] "console.groupEnd", source: https://js.ad-score.com/score.min.js?pid=1000941&tt=g (2)
[77979:259:0910/192448.067272:INFO:CONSOLE(2)] "console.groupEnd", source: https://js.ad-score.com/score.min.js?pid=1000941&tt=g (2)
[77979:259:0910/192448.067279:INFO:CONSOLE(2)] "console.groupEnd", source: https://js.ad-score.com/score.min.js?pid=1000941&tt=g (2)
[77979:259:0910/192448.067286:INFO:CONSOLE(2)] "console.groupEnd", source: https://js.ad-score.com/score.min.js?pid=1000941&tt=g (2)
[77979:259:0910/192448.067294:INFO:CONSOLE(2)] "console.groupEnd", source: https://js.ad-score.com/score.min.js?pid=1000941&tt=g (2)
[77979:259:0910/192448.067315:INFO:CONSOLE(2)] "console.groupEnd", source: https://js.ad-score.com/score.min.js?pid=1000941&tt=g (2)
[77979:259:0910/192448.067323:INFO:CONSOLE(2)] "console.groupEnd", source: https://js.ad-score.com/score.min.js?pid=1000941&tt=g (2)
[77979:259:0910/192448.067342:INFO:CONSOLE(2)] "console.groupEnd", source: https://js.ad-score.com/score.min.js?pid=1000941&tt=g (2)
[77979:259:0910/192448.067354:INFO:CONSOLE(2)] "console.groupEnd", source: https://js.ad-score.com/score.min.js?pid=1000941&tt=g (2)
[77979:259:0910/192448.067361:INFO:CONSOLE(2)] "console.groupEnd", source: https://js.ad-score.com/score.min.js?pid=1000941&tt=g (2)
[77979:259:0910/192448.067369:INFO:CONSOLE(2)] "console.groupEnd", source: https://js.ad-score.com/score.min.js?pid=1000941&tt=g (2)
[77979:259:0910/192448.067376:INFO:CONSOLE(2)] "console.groupEnd", source: https://js.ad-score.com/score.min.js?pid=1000941&tt=g (2)
[77979:259:0910/192448.067385:INFO:CONSOLE(2)] "console.groupEnd", source: https://js.ad-score.com/score.min.js?pid=1000941&tt=g (2)
[77979:259:0910/192448.067395:INFO:CONSOLE(2)] "console.groupEnd", source: https://js.ad-score.com/score.min.js?pid=1000941&tt=g (2)
[77979:259:0910/192448.067403:INFO:CONSOLE(2)] "console.groupEnd", source: https://js.ad-score.com/score.min.js?pid=1000941&tt=g (2)
[77979:259:0910/192448.067411:INFO:CONSOLE(2)] "console.groupEnd", source: https://js.ad-score.com/score.min.js?pid=1000941&tt=g (2)
[77979:259:0910/192448.067423:INFO:CONSOLE(2)] "console.groupEnd", source: https://js.ad-score.com/score.min.js?pid=1000941&tt=g (2)
[77979:259:0910/192448.067431:INFO:CONSOLE(2)] "console.groupEnd", source: https://js.ad-score.com/score.min.js?pid=1000941&tt=g (2)
[77979:259:0910/192448.067439:INFO:CONSOLE(2)] "console.groupEnd", source: https://js.ad-score.com/score.min.js?pid=1000941&tt=g (2)
[77979:259:0910/192448.067449:INFO:CONSOLE(2)] "console.groupEnd", source: https://js.ad-score.com/score.min.js?pid=1000941&tt=g (2)
[77979:259:0910/192448.067456:INFO:CONSOLE(2)] "console.groupEnd", source: https://js.ad-score.com/score.min.js?pid=1000941&tt=g (2)
[77979:259:0910/192448.067466:INFO:CONSOLE(2)] "console.groupEnd", source: https://js.ad-score.com/score.min.js?pid=1000941&tt=g (2)
[77979:259:0910/192448.067476:INFO:CONSOLE(2)] "console.groupEnd", source: https://js.ad-score.com/score.min.js?pid=1000941&tt=g (2)
[77979:259:0910/192448.067489:INFO:CONSOLE(2)] "console.groupEnd", source: https://js.ad-score.com/score.min.js?pid=1000941&tt=g (2)
[77979:259:0910/192448.067497:INFO:CONSOLE(2)] "console.groupEnd", source: https://js.ad-score.com/score.min.js?pid=1000941&tt=g (2)
[77979:259:0910/192448.067507:INFO:CONSOLE(2)] "console.groupEnd", source: https://js.ad-score.com/score.min.js?pid=1000941&tt=g (2)
[77979:259:0910/192448.067523:INFO:CONSOLE(2)] "console.groupEnd", source: https://js.ad-score.com/score.min.js?pid=1000941&tt=g (2)
[77979:259:0910/192448.067532:INFO:CONSOLE(2)] "console.groupEnd", source: https://js.ad-score.com/score.min.js?pid=1000941&tt=g (2)
[77979:259:0910/192448.067543:INFO:CONSOLE(2)] "console.groupEnd", source: https://js.ad-score.com/score.min.js?pid=1000941&tt=g (2)
[77979:259:0910/192448.067553:INFO:CONSOLE(2)] "console.groupEnd", source: https://js.ad-score.com/score.min.js?pid=1000941&tt=g (2)
[77979:259:0910/192448.067564:INFO:CONSOLE(2)] "console.groupEnd", source: https://js.ad-score.com/score.min.js?pid=1000941&tt=g (2)
[77979:259:0910/192448.067575:INFO:CONSOLE(2)] "console.groupEnd", source: https://js.ad-score.com/score.min.js?pid=1000941&tt=g (2)
[77979:259:0910/192448.067585:INFO:CONSOLE(2)] "console.groupEnd", source: https://js.ad-score.com/score.min.js?pid=1000941&tt=g (2)
[77979:259:0910/192448.067600:INFO:CONSOLE(2)] "console.groupEnd", source: https://js.ad-score.com/score.min.js?pid=1000941&tt=g (2)
[77979:259:0910/192448.067615:INFO:CONSOLE(2)] "console.groupEnd", source: https://js.ad-score.com/score.min.js?pid=1000941&tt=g (2)
[77979:259:0910/192448.067626:INFO:CONSOLE(2)] "console.groupEnd", source: https://js.ad-score.com/score.min.js?pid=1000941&tt=g (2)
[77979:259:0910/192448.067636:INFO:CONSOLE(2)] "console.groupEnd", source: https://js.ad-score.com/score.min.js?pid=1000941&tt=g (2)
[77979:259:0910/192448.067646:INFO:CONSOLE(2)] "console.groupEnd", source: https://js.ad-score.com/score.min.js?pid=1000941&tt=g (2)
[77979:259:0910/192448.067657:INFO:CONSOLE(2)] "console.groupEnd", source: https://js.ad-score.com/score.min.js?pid=1000941&tt=g (2)
[77979:259:0910/192448.067669:INFO:CONSOLE(2)] "console.groupEnd", source: https://js.ad-score.com/score.min.js?pid=1000941&tt=g (2)
[77979:259:0910/192448.067680:INFO:CONSOLE(2)] "console.groupEnd", source: https://js.ad-score.com/score.min.js?pid=1000941&tt=g (2)
[77979:259:0910/192448.067692:INFO:CONSOLE(2)] "console.groupEnd", source: https://js.ad-score.com/score.min.js?pid=1000941&tt=g (2)
[77979:259:0910/192448.067701:INFO:CONSOLE(2)] "console.groupEnd", source: https://js.ad-score.com/score.min.js?pid=1000941&tt=g (2)
[77979:259:0910/192448.067713:INFO:CONSOLE(2)] "console.groupEnd", source: https://js.ad-score.com/score.min.js?pid=1000941&tt=g (2)
[77979:259:0910/192448.067721:INFO:CONSOLE(2)] "console.groupEnd", source: https://js.ad-score.com/score.min.js?pid=1000941&tt=g (2)
[77979:259:0910/192448.067730:INFO:CONSOLE(2)] "console.groupEnd", source: https://js.ad-score.com/score.min.js?pid=1000941&tt=g (2)
[77979:259:0910/192448.067743:INFO:CONSOLE(2)] "console.groupEnd", source: https://js.ad-score.com/score.min.js?pid=1000941&tt=g (2)
[77979:259:0910/192448.067751:INFO:CONSOLE(2)] "console.groupEnd", source: https://js.ad-score.com/score.min.js?pid=1000941&tt=g (2)
[77979:259:0910/192448.067761:INFO:CONSOLE(2)] "console.groupEnd", source: https://js.ad-score.com/score.min.js?pid=1000941&tt=g (2)
[77979:259:0910/192448.067768:INFO:CONSOLE(2)] "console.groupEnd", source: https://js.ad-score.com/score.min.js?pid=1000941&tt=g (2)
[77979:259:0910/192448.067779:INFO:CONSOLE(2)] "console.groupEnd", source: https://js.ad-score.com/score.min.js?pid=1000941&tt=g (2)
[77979:259:0910/192448.067793:INFO:CONSOLE(2)] "console.groupEnd", source: https://js.ad-score.com/score.min.js?pid=1000941&tt=g (2)
[77979:259:0910/192448.067806:INFO:CONSOLE(2)] "console.groupEnd", source: https://js.ad-score.com/score.min.js?pid=1000941&tt=g (2)
[77979:259:0910/192448.067814:INFO:CONSOLE(2)] "console.groupEnd", source: https://js.ad-score.com/score.min.js?pid=1000941&tt=g (2)
[77979:259:0910/192448.067826:INFO:CONSOLE(2)] "console.groupEnd", source: https://js.ad-score.com/score.min.js?pid=1000941&tt=g (2)
[77979:259:0910/192448.067833:INFO:CONSOLE(2)] "console.groupEnd", source: https://js.ad-score.com/score.min.js?pid=1000941&tt=g (2)
[77979:259:0910/192448.067840:INFO:CONSOLE(2)] "console.groupEnd", source: https://js.ad-score.com/score.min.js?pid=1000941&tt=g (2)
[77979:259:0910/192448.067848:INFO:CONSOLE(2)] "console.groupEnd", source: https://js.ad-score.com/score.min.js?pid=1000941&tt=g (2)
[77979:259:0910/192448.067855:INFO:CONSOLE(2)] "console.groupEnd", source: https://js.ad-score.com/score.min.js?pid=1000941&tt=g (2)
[77979:259:0910/192448.067865:INFO:CONSOLE(2)] "console.groupEnd", source: https://js.ad-score.com/score.min.js?pid=1000941&tt=g (2)
[77979:259:0910/192448.067874:INFO:CONSOLE(2)] "console.groupEnd", source: https://js.ad-score.com/score.min.js?pid=1000941&tt=g (2)
[77979:259:0910/192448.067884:INFO:CONSOLE(2)] "console.groupEnd", source: https://js.ad-score.com/score.min.js?pid=1000941&tt=g (2)
[77979:259:0910/192448.067895:INFO:CONSOLE(2)] "console.groupEnd", source: https://js.ad-score.com/score.min.js?pid=1000941&tt=g (2)
[77979:259:0910/192448.067906:INFO:CONSOLE(2)] "console.groupEnd", source: https://js.ad-score.com/score.min.js?pid=1000941&tt=g (2)
[77979:259:0910/192452.833960:WARNING:pref_notifier_impl.cc(41)] Pref observer for media_router.cast_allow_all_ips found at shutdown.
